
ROM used:   1474/8192 (18%)
            1474/8192 (18%) including unused fragments

            1.2 Average locations per line
            5.0 Average locations per statement

RAM used:   22/368 (6%) at main() level
            33/368 (9%) worst case

Stack used: 3 worst case (2 in main + 1 for interrupts)
Stack size: 8

Lines Stmts  %   Files
----- ----- ---  -----
  436   295 100  Traffic_light.c
  768     0   0  C:\Program Files (x86)\PICC\Devices\16f887.h
----- -----
 1204   295 Total

Page ROM  %  RAM   Vol Diff  Functions:
---- --- --- ---   --- ----  ----------
0     20   1    1             @delay_ms1
0     14   1    0             @const620
0     21   1    0    93  3.3  interrupt_timer1
0     90   6    1   587  4.8  select_mode
0    364  25    0  3388  5.4  traffic_light
0     21   1    3             @DIV88
0     93   6    6   317  4.1  led7seg_1
0     32   2    6             @WRITEBITA
0     93   6    6   317  4.1  led7seg_2
0     93   6    6   317  4.1  led7seg_3
0     93   6    6   317  4.1  led7seg_4
0    342  23    1  3057  6.9  adjust_mode
0     22   1    0    80  2.4  yellow_toggle
0    127   9    0   747  4.3  MAIN
 Inline         0             @cinit1

Program metrics:
    Functions               10
    Statements              295
    Comments                177
    Volume (V)              12826
    Difficulty (D)          44.1
    Effort to implement (E) 565002
    Time to implement (T)   8 hours, 43 minutes
    Est Delivered Bugs (B)  2
    Cyclomatic Complexity   43
    Maintainability (MI)    90

 Segment     Used  Free
-----------  ----  ----
00000-00003     4  0  
00004-00030    45  0  
00031-007FF  1425  574  
00800-00FFF     0  2048  
01000-017FF     0  2048  
01800-01FFF     0  2048  



